Starting Nmap 7.80 ( https://nmap.org ) at 2020-04-04 00:55 EDT
NSE: Loaded 151 scripts for scanning.
NSE: Script Pre-scanning.
Initiating NSE at 00:55
Completed NSE at 00:55, 0.00s elapsed
Initiating NSE at 00:55
Completed NSE at 00:55, 0.00s elapsed
Initiating NSE at 00:55
Completed NSE at 00:55, 0.00s elapsed
Initiating Ping Scan at 00:55
Scanning 10.10.10.28 [2 ports]
Completed Ping Scan at 00:55, 0.04s elapsed (1 total hosts)
Initiating Parallel DNS resolution of 1 host. at 00:55
Completed Parallel DNS resolution of 1 host. at 00:55, 0.03s elapsed
Initiating Connect Scan at 00:55
Scanning 10.10.10.28 [2 ports]
Discovered open port 80/tcp on 10.10.10.28
Discovered open port 22/tcp on 10.10.10.28
Completed Connect Scan at 00:55, 0.04s elapsed (2 total ports)
Initiating Service scan at 00:55
Scanning 2 services on 10.10.10.28
Completed Service scan at 00:55, 6.08s elapsed (2 services on 1 host)
NSE: Script scanning 10.10.10.28.
Initiating NSE at 00:55
Completed NSE at 00:55, 1.52s elapsed
Initiating NSE at 00:55
Completed NSE at 00:55, 0.15s elapsed
Initiating NSE at 00:55
Completed NSE at 00:55, 0.00s elapsed
Nmap scan report for 10.10.10.28
Host is up (0.042s latency).

PORT   STATE SERVICE VERSION
22/tcp open  ssh     OpenSSH 7.6p1 Ubuntu 4ubuntu0.3 (Ubuntu Linux; protocol 2.0)
| ssh-hostkey: 
|   2048 61:e4:3f:d4:1e:e2:b2:f1:0d:3c:ed:36:28:36:67:c7 (RSA)
|   256 24:1d:a4:17:d4:e3:2a:9c:90:5c:30:58:8f:60:77:8d (ECDSA)
|_  256 78:03:0e:b4:a1:af:e5:c2:f9:8d:29:05:3e:29:c9:f2 (ED25519)
80/tcp open  http    Apache httpd 2.4.29 ((Ubuntu))
| http-methods: 
|_  Supported Methods: GET HEAD POST OPTIONS
|_http-server-header: Apache/2.4.29 (Ubuntu)
|_http-title: Welcome
Service Info: OS: Linux; CPE: cpe:/o:linux:linux_kernel

NSE: Script Post-scanning.
Initiating NSE at 00:55
Completed NSE at 00:55, 0.00s elapsed
Initiating NSE at 00:55
Completed NSE at 00:55, 0.00s elapsed
Initiating NSE at 00:55
Completed NSE at 00:55, 0.00s elapsed
Read data files from: /usr/bin/../share/nmap
Service detection performed. Please report any incorrect results at https://nmap.org/submit/ .
Nmap done: 1 IP address (1 host up) scanned in 8.28 seconds
